<?xml version="1.0" encoding="UTF-8"?>
<!-- Generated by org.testng.reporters.JUnitReportReporter -->
<testsuite hostname="DESKTOP-4REFQ5G" failures="0" tests="1" name="coverFoxPOM.CF_TC555_Validate_search_results_for_healthcare_policies" time="33.887" errors="0" timestamp="2024-01-04T17:37:33 IST" skipped="0">
  <testcase classname="coverFoxPOM.CF_TC555_Validate_search_results_for_healthcare_policies" name="validateTestPlansFromTextAndBanners" time="33.887">
    <system-out>
      <![CDATA[Fetching number of results from text 
Fetching number of results from Banners 
TC is passed 
Taking screenshot
Saved screenshot at C:\Users\lenovo\Desktop\images\coverFoxCF_TC555_2024.01.04.17.37.28.png]]>
    </system-out>
  </testcase> <!-- validateTestPlansFromTextAndBanners -->
  <system-out>
    <![CDATA[Launching browser 
Clicking on gender button 
Clicking on next button 
Handling age drop down 
Reading data from ExcelSheet
Clicking on next button 
Entering pin code 
Reading data from ExcelSheet
Entering mobile number 
Reading data from ExcelSheet
Clicking on continue button 
Fetching number of results from text 
Fetching number of results from Banners 
TC is passed 
Taking screenshot
Saved screenshot at C:\Users\lenovo\Desktop\images\coverFoxCF_TC555_2024.01.04.17.37.28.png
Closing browser ]]>
  </system-out>
</testsuite> <!-- coverFoxPOM.CF_TC555_Validate_search_results_for_healthcare_policies -->
