<?xml version="1.0" encoding="UTF-8"?>
<!-- Generated by org.testng.reporters.JUnitReportReporter -->
<testsuite hostname="DESKTOP-4REFQ5G" failures="0" tests="3" name="testNGxmlUse.MyClass2" time="0.039" errors="0" timestamp="2023-12-22T15:29:58 IST" skipped="0">
  <testcase classname="testNGxmlUse.MyClass2" name="Tc7" time="0.017">
    <system-out>
      <![CDATA[Test Case7 is Running]]>
    </system-out>
  </testcase> <!-- Tc7 -->
  <testcase classname="testNGxmlUse.MyClass2" name="Tc5" time="0.006">
    <system-out>
      <![CDATA[Test Case5 is Running]]>
    </system-out>
  </testcase> <!-- Tc5 -->
  <testcase classname="testNGxmlUse.MyClass2" name="Tc6" time="0.016">
    <system-out>
      <![CDATA[Test Case6 is Running]]>
    </system-out>
  </testcase> <!-- Tc6 -->
  <system-out>
    <![CDATA[Test Case3 is Running
Test Case4 is Running
Test Case5 is Running
Test Case6 is Running
Test Case7 is Running]]>
  </system-out>
</testsuite> <!-- testNGxmlUse.MyClass2 -->
