<?xml version="1.0" encoding="UTF-8"?>
<!-- Generated by org.testng.reporters.JUnitReportReporter -->
<testsuite hostname="DESKTOP-4REFQ5G" failures="0" tests="6" name="testNG_Keywords.Priority_Keyword_Use" time="0.081" errors="0" timestamp="2023-12-20T01:13:14 IST" skipped="0">
  <testcase classname="testNG_Keywords.Priority_Keyword_Use" name="sendEmail" time="0.018">
    <system-out>
      <![CDATA[Sent email successfully]]>
    </system-out>
  </testcase> <!-- sendEmail -->
  <testcase classname="testNG_Keywords.Priority_Keyword_Use" name="registerTest" time="0.015">
    <system-out>
      <![CDATA[Register successfull]]>
    </system-out>
  </testcase> <!-- registerTest -->
  <testcase classname="testNG_Keywords.Priority_Keyword_Use" name="loginTest" time="0.014">
    <system-out>
      <![CDATA[Login successfull]]>
    </system-out>
  </testcase> <!-- loginTest -->
  <testcase classname="testNG_Keywords.Priority_Keyword_Use" name="enterPassword" time="0.009">
    <system-out>
      <![CDATA[Enter Password successfull]]>
    </system-out>
  </testcase> <!-- enterPassword -->
  <testcase classname="testNG_Keywords.Priority_Keyword_Use" name="checkCalendar" time="0.013">
    <system-out>
      <![CDATA[Calendar checked successfully]]>
    </system-out>
  </testcase> <!-- checkCalendar -->
  <testcase classname="testNG_Keywords.Priority_Keyword_Use" name="logoutTest" time="0.012">
    <system-out>
      <![CDATA[Logout successfull]]>
    </system-out>
  </testcase> <!-- logoutTest -->
  <system-out>
    <![CDATA[Sent email successfully
Enter Password successfull
Login successfull
Register successfull
Calendar checked successfully
Logout successfull]]>
  </system-out>
</testsuite> <!-- testNG_Keywords.Priority_Keyword_Use -->
