<?xml version="1.0" encoding="UTF-8"?>
<!-- Generated by org.testng.reporters.JUnitReportReporter -->
<testsuite hostname="DESKTOP-4REFQ5G" failures="0" tests="1" name="testNGStudy.MyFirstTestNgClass" time="12.669" errors="0" timestamp="2023-12-16T00:04:37 IST" skipped="0">
  <testcase classname="testNGStudy.MyFirstTestNgClass" name="sampleTest" time="12.669"/>
</testsuite> <!-- testNGStudy.MyFirstTestNgClass -->
