<?xml version="1.0" encoding="UTF-8"?>
<!-- Generated by org.testng.reporters.JUnitReportReporter -->
<testsuite hostname="DESKTOP-4REFQ5G" failures="0" tests="3" name="testNGStudy.TestNGSampleClass_2" time="49.535" errors="0" timestamp="2023-12-18T15:58:15 IST" skipped="0">
  <testcase classname="testNGStudy.TestNGSampleClass_2" name="fbLaunch" time="32.122">
    <system-out>
      <![CDATA[Loading Facebook...]]>
    </system-out>
  </testcase> <!-- fbLaunch -->
  <testcase classname="testNGStudy.TestNGSampleClass_2" name="instaLaunch" time="7.472">
    <system-out>
      <![CDATA[Loading Instagram...]]>
    </system-out>
  </testcase> <!-- instaLaunch -->
  <testcase classname="testNGStudy.TestNGSampleClass_2" name="twitterLaunch" time="9.941">
    <system-out>
      <![CDATA[Loading Twitter...]]>
    </system-out>
  </testcase> <!-- twitterLaunch -->
  <system-out>
    <![CDATA[Loading Facebook...
Loading Instagram...
Loading Twitter...]]>
  </system-out>
</testsuite> <!-- testNGStudy.TestNGSampleClass_2 -->
