<?xml version="1.0" encoding="UTF-8"?>
<!-- Generated by org.testng.reporters.JUnitReportReporter -->
<testsuite hostname="DESKTOP-4REFQ5G" failures="0" tests="2" name="testNGxmlUse.MyClass" time="0.032" errors="0" timestamp="2023-12-22T15:29:58 IST" skipped="0">
  <testcase classname="testNGxmlUse.MyClass" name="Tc3" time="0.024">
    <system-out>
      <![CDATA[Test Case3 is Running]]>
    </system-out>
  </testcase> <!-- Tc3 -->
  <testcase classname="testNGxmlUse.MyClass" name="Tc4" time="0.008">
    <system-out>
      <![CDATA[Test Case4 is Running]]>
    </system-out>
  </testcase> <!-- Tc4 -->
  <system-out>
    <![CDATA[Test Case3 is Running
Test Case4 is Running
Test Case5 is Running
Test Case6 is Running
Test Case7 is Running]]>
  </system-out>
</testsuite> <!-- testNGxmlUse.MyClass -->
