<?xml version="1.0" encoding="UTF-8"?>
<!-- Generated by org.testng.reporters.JUnitReportReporter -->
<testsuite hostname="DESKTOP-4REFQ5G" failures="0" tests="4" name="testNG_Keywords.Priortized_Test" time="5.493" errors="0" timestamp="2023-12-20T02:05:50 IST" skipped="0">
  <testcase classname="testNG_Keywords.Priortized_Test" name="driverSetup" time="0.018">
    <system-out>
      <![CDATA[Running GoogleChrome]]>
    </system-out>
  </testcase> <!-- driverSetup -->
  <testcase classname="testNG_Keywords.Priortized_Test" name="getURL" time="2.117">
    <system-out>
      <![CDATA[URL Launched]]>
    </system-out>
  </testcase> <!-- getURL -->
  <testcase classname="testNG_Keywords.Priortized_Test" name="getTitle" time="1.046">
    <system-out>
      <![CDATA[Title of the Webpage is: Google]]>
    </system-out>
  </testcase> <!-- getTitle -->
  <testcase classname="testNG_Keywords.Priortized_Test" name="closeBrowser" time="2.312">
    <system-out>
      <![CDATA[Test successfully passed]]>
    </system-out>
  </testcase> <!-- closeBrowser -->
  <system-out>
    <![CDATA[Running GoogleChrome
URL Launched
Title of the Webpage is: Google
Test successfully passed]]>
  </system-out>
</testsuite> <!-- testNG_Keywords.Priortized_Test -->
