<?xml version="1.0" encoding="UTF-8"?>
<!-- Generated by org.testng.reporters.JUnitReportReporter -->
<testsuite hostname="DESKTOP-4REFQ5G" failures="0" tests="1" name="coverFoxUsingTestNG.CF_TC555_Validate_search_results_for_healthcare_policies" time="30.316" errors="0" timestamp="2024-01-04T17:34:05 IST" skipped="0">
  <testcase classname="coverFoxUsingTestNG.CF_TC555_Validate_search_results_for_healthcare_policies" name="validateTestPlansFromTextAndBanners" time="30.316">
    <system-out>
      <![CDATA[Fetching number of results from text 
Fetching number of results from Banners 
TC is passed ]]>
    </system-out>
  </testcase> <!-- validateTestPlansFromTextAndBanners -->
  <system-out>
    <![CDATA[Opening browser..
Clicking on gender button 
Clicking on next button 
Handling age drop down 
Clicking on next button 
Entering pin code 
Entering mobile number 
Clicking on continue button 
Fetching number of results from text 
Fetching number of results from Banners 
TC is passed 
Closing browser ]]>
  </system-out>
</testsuite> <!-- coverFoxUsingTestNG.CF_TC555_Validate_search_results_for_healthcare_policies -->
