<?xml version="1.0" encoding="UTF-8"?>
<!-- Generated by org.testng.reporters.JUnitReportReporter -->
<testsuite hostname="DESKTOP-4REFQ5G" failures="0" tests="2" name="testNGAnnotations.Annotations_Eg_1" time="0.054" errors="0" timestamp="2023-12-18T21:16:42 IST" skipped="0">
  <testcase classname="testNGAnnotations.Annotations_Eg_1" name="UserNameField" time="0.013">
    <system-out>
      <![CDATA[Entering User Name...]]>
    </system-out>
  </testcase> <!-- UserNameField -->
  <testcase classname="testNGAnnotations.Annotations_Eg_1" name="PasswordField" time="0.041">
    <system-out>
      <![CDATA[Entering Password..]]>
    </system-out>
  </testcase> <!-- PasswordField -->
  <system-out>
    <![CDATA[Opening Browser
Logging in..
Entering Password..
Logging out..
Logging in..
Entering User Name...
Logging out..
Closing Browser]]>
  </system-out>
</testsuite> <!-- testNGAnnotations.Annotations_Eg_1 -->
