<?xml version="1.0" encoding="UTF-8"?>
<!-- Generated by org.testng.reporters.JUnitReportReporter -->
<testsuite hostname="DESKTOP-4REFQ5G" failures="0" tests="4" name="testNG_Keywords.setPriority" time="0.032" errors="0" timestamp="2023-12-20T20:58:09 IST" skipped="0">
  <testcase classname="testNG_Keywords.setPriority" name="login" time="0.022">
    <system-out>
      <![CDATA[Login Test Code]]>
    </system-out>
  </testcase> <!-- login -->
  <testcase classname="testNG_Keywords.setPriority" name="checkMail" time="0.004">
    <system-out>
      <![CDATA[Check Mail Test Code]]>
    </system-out>
  </testcase> <!-- checkMail -->
  <testcase classname="testNG_Keywords.setPriority" name="logout" time="0.003">
    <system-out>
      <![CDATA[Log Out Test Code]]>
    </system-out>
  </testcase> <!-- logout -->
  <testcase classname="testNG_Keywords.setPriority" name="checkLoginValidations" time="0.003">
    <system-out>
      <![CDATA[Check Login Validations Test Code]]>
    </system-out>
  </testcase> <!-- checkLoginValidations -->
  <system-out>
    <![CDATA[Login Test Code
Check Mail Test Code
Log Out Test Code
Check Login Validations Test Code]]>
  </system-out>
</testsuite> <!-- testNG_Keywords.setPriority -->
