<?xml version="1.0" encoding="UTF-8"?>
<!-- Generated by org.testng.reporters.JUnitReportReporter -->
<testsuite hostname="DESKTOP-4REFQ5G" failures="0" tests="3" name="dataProvider.FBAccountForm" time="37.076" errors="0" timestamp="2023-12-27T00:16:32 IST" skipped="0">
  <testcase classname="dataProvider.FBAccountForm" name="facebookTest" time="15.917"/>
  <testcase classname="dataProvider.FBAccountForm" name="facebookTest" time="11.311"/>
  <testcase classname="dataProvider.FBAccountForm" name="facebookTest" time="9.848"/>
</testsuite> <!-- dataProvider.FBAccountForm -->
