<?xml version="1.0" encoding="UTF-8"?>
<!-- Generated by org.testng.reporters.JUnitReportReporter -->
<testsuite hostname="DESKTOP-4REFQ5G" failures="0" tests="1" name="crossBrowserTesting.CBTest" time="26.154" errors="0" timestamp="2023-12-27T01:11:33 IST" skipped="0">
  <testcase classname="crossBrowserTesting.CBTest" name="f" time="26.154"/>
</testsuite> <!-- crossBrowserTesting.CBTest -->
