<?xml version="1.0" encoding="UTF-8"?>
<!-- Generated by org.testng.reporters.JUnitReportReporter -->
<testsuite hostname="DESKTOP-4REFQ5G" failures="0" tests="2" name="testNGStudy.ParallelTest" time="116.298" errors="0" timestamp="2024-01-10T14:45:46 IST" skipped="0">
  <testcase classname="testNGStudy.ParallelTest" name="FirefoxTest" time="74.671">
    <system-out>
      <![CDATA[facebook is running]]>
    </system-out>
  </testcase> <!-- FirefoxTest -->
  <testcase classname="testNGStudy.ParallelTest" name="ChromeTest" time="41.627">
    <system-out>
      <![CDATA[instagram is running]]>
    </system-out>
  </testcase> <!-- ChromeTest -->
  <system-out>
    <![CDATA[instagram is running
facebook is running]]>
  </system-out>
</testsuite> <!-- testNGStudy.ParallelTest -->
