<?xml version="1.0" encoding="UTF-8"?>
<!-- Generated by org.testng.reporters.JUnitReportReporter -->
<testsuite hostname="DESKTOP-4REFQ5G" failures="0" tests="1" name="testNG_Programs.Firefox_Browser_Launch" time="39.419" errors="0" timestamp="2023-12-26T15:08:42 IST" skipped="0">
  <testcase classname="testNG_Programs.Firefox_Browser_Launch" name="f" time="39.419"/>
</testsuite> <!-- testNG_Programs.Firefox_Browser_Launch -->
