<?xml version="1.0" encoding="UTF-8"?>
<!-- Generated by org.testng.reporters.JUnitReportReporter -->
<testsuite hostname="DESKTOP-4REFQ5G" failures="0" tests="1" name="dataProvider.FBAccountFormUsingXMLData" time="13.324" errors="0" timestamp="2023-12-27T00:33:22 IST" skipped="0">
  <testcase classname="dataProvider.FBAccountFormUsingXMLData" name="facebookTest" time="13.324"/>
</testsuite> <!-- dataProvider.FBAccountFormUsingXMLData -->
