<?xml version="1.0" encoding="UTF-8"?>
<!-- Generated by org.testng.reporters.JUnitReportReporter -->
<testsuite hostname="DESKTOP-4REFQ5G" failures="0" tests="2" name="testNGAnnotations.TestNG_Annotations_Heirarchy" time="0.035" errors="0" timestamp="2023-12-20T00:56:39 IST" skipped="0">
  <testcase classname="testNGAnnotations.TestNG_Annotations_Heirarchy" name="testCase2" time="0.007"/>
  <testcase classname="testNGAnnotations.TestNG_Annotations_Heirarchy" name="testCase1" time="0.028"/>
  <system-out>
    <![CDATA[Before Suite will always execute prior to all annotations or tests in the suite
Before Suite will always execute prior to all annotations or tests in the suite
Before Test will always execute prior to Before Class,Before Method and Test Method
Before Test will always execute prior to Before Class,Before Method and Test Method
Before Class will always execute prior to Before Method and Test Method
Before Method will execute before every test method
After Method will execute after every test method
Before Method will execute before every test method
After Method will execute after every test method
After Class will always execute later to After Method and Test method
Before Class will always execute prior to Before Method and Test Method
Before Method will execute before every test method
After Method will execute after every test method
Before Method will execute before every test method
After Method will execute after every test method
After Class will always execute later to After Method and Test method
After Test will always execute later to After Method, After Class
After Test will always execute later to After Method, After Class
After suite will always execute at last when all the annotations or test in the suite have run
After suite will always execute at last when all the annotations or test in the suite have run]]>
  </system-out>
</testsuite> <!-- testNGAnnotations.TestNG_Annotations_Heirarchy -->
