<?xml version="1.0" encoding="UTF-8"?>
<!-- Generated by org.testng.reporters.JUnitReportReporter -->
<testsuite hostname="DESKTOP-4REFQ5G" failures="0" tests="1" name="testNGStudy.TestNGSampleClass_1" time="0.016" errors="0" timestamp="2023-12-18T15:00:15 IST" skipped="0">
  <testcase classname="testNGStudy.TestNGSampleClass_1" name="myMethod" time="0.016">
    <system-out>
      <![CDATA[Hii...This is Reporter without Boolean Parameter
Hii...This is reporter with boolean parameter]]>
    </system-out>
  </testcase> <!-- myMethod -->
  <system-out>
    <![CDATA[Hii...This is Reporter without Boolean Parameter
Hii...This is reporter with boolean parameter]]>
  </system-out>
</testsuite> <!-- testNGStudy.TestNGSampleClass_1 -->
